<?xml version="1.0" encoding="UTF-8"?>
<testng-results skipped="0" failed="0" ignored="0" total="1" passed="1">
  <reporter-output>
  </reporter-output>
  <suite name="Default suite" duration-ms="260" started-at="2017-06-18T09:59:33Z" finished-at="2017-06-18T09:59:33Z">
    <groups>
    </groups>
    <test name="Default test" duration-ms="260" started-at="2017-06-18T09:59:33Z" finished-at="2017-06-18T09:59:33Z">
      <class name="com.huawei.sdn.api.RestAPIJsonParser2">
        <test-method status="PASS" signature="f()[pri:0, instance:com.huawei.sdn.api.RestAPIJsonParser2@1e127982]" name="f" duration-ms="247" started-at="2017-06-18T17:59:33Z" finished-at="2017-06-18T17:59:33Z">
          <reporter-output>
          </reporter-output>
        </test-method> <!-- f -->
      </class> <!-- com.huawei.sdn.api.RestAPIJsonParser2 -->
    </test> <!-- Default test -->
  </suite> <!-- Default suite -->
</testng-results>
